#
# There is insufficient memory for the Java Runtime Environment to continue.
# Native memory allocation (malloc) failed to allocate 32784 bytes for Chunk::new
# Possible reasons:
#   The system is out of physical RAM or swap space
#   In 32 bit mode, the process size limit was hit
# Possible solutions:
#   Reduce memory load on the system
#   Increase physical memory or swap space
#   Check if swap backing store is full
#   Use 64 bit Java on a 64 bit OS
#   Decrease Java heap size (-Xmx/-Xms)
#   Decrease number of Java threads
#   Decrease Java thread stack sizes (-Xss)
#   Set larger code cache with -XX:ReservedCodeCacheSize=
# This output file may be truncated or incomplete.
#
#  Out of Memory Error (allocation.cpp:323), pid=21488, tid=31272
#
# JRE version: Java(TM) SE Runtime Environment (7.0_80-b15) (build 1.7.0_80-b15)
# Java VM: Java HotSpot(TM) 64-Bit Server VM (24.80-b11 mixed mode windows-amd64 compressed oops)
# Failed to write core dump. Minidumps are not enabled by default on client versions of Windows
#

---------------  T H R E A D  ---------------

Current thread (0x000000000120e000):  JavaThread "C2 CompilerThread0" daemon [_thread_in_native, id=31272, stack(0x000000000b320000,0x000000000b420000)]

Stack: [0x000000000b320000,0x000000000b420000]

Current CompileTask:
C2:    857   87             com.android.dx.ssa.SsaMethod::computeReachability (131 bytes)


---------------  P R O C E S S  ---------------

Java Threads: ( => current thread )
  0x000000000ae95800 JavaThread "pool-1-thread-4" [_thread_in_Java, id=13048, stack(0x000000000bb20000,0x000000000bc20000)]
  0x000000000ae93000 JavaThread "pool-1-thread-3" [_thread_in_Java, id=18852, stack(0x000000000ba20000,0x000000000bb20000)]
  0x000000000ae92000 JavaThread "pool-1-thread-2" [_thread_in_Java, id=13004, stack(0x000000000b920000,0x000000000ba20000)]
  0x000000000af84800 JavaThread "pool-2-thread-1" [_thread_blocked, id=32344, stack(0x000000000b820000,0x000000000b920000)]
  0x000000000af68000 JavaThread "pool-1-thread-1" [_thread_in_vm, id=11988, stack(0x000000000b720000,0x000000000b820000)]
  0x000000000121b800 JavaThread "Service Thread" daemon [_thread_blocked, id=9692, stack(0x000000000b520000,0x000000000b620000)]
  0x000000000120f800 JavaThread "C2 CompilerThread1" daemon [_thread_in_native, id=13944, stack(0x000000000b420000,0x000000000b520000)]
=>0x000000000120e000 JavaThread "C2 CompilerThread0" daemon [_thread_in_native, id=31272, stack(0x000000000b320000,0x000000000b420000)]
  0x000000000120d000 JavaThread "Attach Listener" daemon [_thread_blocked, id=4488, stack(0x000000000b220000,0x000000000b320000)]
  0x000000000ad41800 JavaThread "Signal Dispatcher" daemon [_thread_blocked, id=18948, stack(0x000000000b120000,0x000000000b220000)]
  0x0000000008d49800 JavaThread "Finalizer" daemon [_thread_blocked, id=10248, stack(0x000000000ac20000,0x000000000ad20000)]
  0x0000000008d48800 JavaThread "Reference Handler" daemon [_thread_blocked, id=23768, stack(0x000000000ab20000,0x000000000ac20000)]
  0x0000000001122800 JavaThread "main" [_thread_in_vm, id=38636, stack(0x0000000000fe0000,0x00000000010e0000)]

Other Threads:
  0x0000000008d45000 VMThread [stack: 0x000000000aa20000,0x000000000ab20000] [id=28872]
  0x000000000ad4b000 WatcherThread [stack: 0x000000000b620000,0x000000000b720000] [id=28560]

VM state:not at safepoint (normal execution)

VM Mutex/Monitor currently owned by a thread: None

Heap
 PSYoungGen      total 38400K, used 28022K [0x00000000eaa80000, 0x00000000ed500000, 0x0000000100000000)
  eden space 33280K, 84% used [0x00000000eaa80000,0x00000000ec5dd868,0x00000000ecb00000)
  from space 5120K, 0% used [0x00000000ed000000,0x00000000ed000000,0x00000000ed500000)
  to   space 5120K, 0% used [0x00000000ecb00000,0x00000000ecb00000,0x00000000ed000000)
 ParOldGen       total 86528K, used 0K [0x00000000c0000000, 0x00000000c5480000, 0x00000000eaa80000)
  object space 86528K, 0% used [0x00000000c0000000,0x00000000c0000000,0x00000000c5480000)
 PSPermGen       total 21504K, used 5645K [0x00000000bae00000, 0x00000000bc300000, 0x00000000c0000000)
  object space 21504K, 26% used [0x00000000bae00000,0x00000000bb383730,0x00000000bc300000)

Card table byte_map: [0x0000000005b10000,0x0000000005d40000] byte_map_base: 0x0000000005539000

Polling page: 0x0000000000df0000

Code Cache  [0x0000000002b10000, 0x0000000002d80000, 0x0000000005b10000)
 total_blobs=327 nmethods=90 adapters=189 free_code_cache=48648Kb largest_free_block=49800256

Compilation events (10 events):
Event: 0.852 Thread 0x000000000120f800 nmethod 85 0x0000000002b8d350 code [0x0000000002b8d4a0, 0x0000000002b8d608]
Event: 0.852 Thread 0x000000000120f800   88             java.util.ArrayList$Itr::<init> (6 bytes)
Event: 0.853 Thread 0x000000000120f800 nmethod 88 0x0000000002b8d110 code [0x0000000002b8d240, 0x0000000002b8d2b8]
Event: 0.853 Thread 0x000000000120f800   89             java.util.ArrayList::iterator (10 bytes)
Event: 0.853 Thread 0x000000000120f800 nmethod 89 0x0000000002b8ce50 code [0x0000000002b8cfa0, 0x0000000002b8d058]
Event: 0.853 Thread 0x000000000120f800   90             com.android.dx.rop.code.BasicBlockList::get (9 bytes)
Event: 0.854 Thread 0x000000000120f800 nmethod 90 0x0000000002b8cb10 code [0x0000000002b8cc60, 0x0000000002b8cd18]
Event: 0.854 Thread 0x000000000120f800   91             com.android.dx.rop.code.RegisterSpec::getCategory (13 bytes)
Event: 0.854 Thread 0x000000000120f800 nmethod 91 0x0000000002b8c850 code [0x0000000002b8c9a0, 0x0000000002b8ca38]
Event: 0.855 Thread 0x000000000120f800   92             com.android.dx.rop.code.RopMethod::calcPredecessors (227 bytes)

GC Heap History (0 events):
No events

Deoptimization events (2 events):
Event: 0.376 Thread 0x0000000001122800 Uncommon trap: reason=unstable_if action=reinterpret pc=0x0000000002b730c4 method=java.lang.String.compareTo(Ljava/lang/String;)I @ 38
Event: 0.815 Thread 0x000000000af68000 Uncommon trap: reason=class_check action=maybe_recompile pc=0x0000000002b87a74 method=com.android.dx.ssa.NormalSsaInsn.accept(Lcom/android/dx/ssa/SsaInsn$Visitor;)V @ 9

Internal exceptions (10 events):
Event: 0.742 Thread 0x000000000ae92000 Threw 0x00000000ebcfcb68 at C:\re\jdk7u80\2329\hotspot\src\share\vm\prims\jvm.cpp:1319
Event: 0.742 Thread 0x0000000001122800 Threw 0x00000000ec175588 at C:\re\jdk7u80\2329\hotspot\src\share\vm\prims\jvm.cpp:1319
Event: 0.744 Thread 0x000000000af68000 Threw 0x00000000ebfede20 at C:\re\jdk7u80\2329\hotspot\src\share\vm\prims\jvm.cpp:1319
Event: 0.745 Thread 0x000000000af68000 Threw 0x00000000ebff4b38 at C:\re\jdk7u80\2329\hotspot\src\share\vm\prims\jvm.cpp:1319
Event: 0.746 Thread 0x000000000af68000 Threw 0x00000000ebffa380 at C:\re\jdk7u80\2329\hotspot\src\share\vm\prims\jvm.cpp:1319
Event: 0.746 Thread 0x000000000af68000 Threw 0x00000000ebfff8a8 at C:\re\jdk7u80\2329\hotspot\src\share\vm\prims\jvm.cpp:1319
Event: 0.777 Thread 0x000000000ae95800 Threw 0x00000000ebc9d558 at C:\re\jdk7u80\2329\hotspot\src\share\vm\prims\jvm.cpp:1319
Event: 0.846 Thread 0x0000000001122800 Threw 0x00000000ec1ac3d8 at C:\re\jdk7u80\2329\hotspot\src\share\vm\prims\jvm.cpp:1319
Event: 0.854 Thread 0x0000000001122800 Threw 0x00000000ec1e7728 at C:\re\jdk7u80\2329\hotspot\src\share\vm\prims\jvm.cpp:1319
Event: 0.855 Thread 0x0000000001122800 Threw 0x00000000ec1e9af0 at C:\re\jdk7u80\2329\hotspot\src\share\vm\prims\jvm.cpp:1319

Events (10 events):
Event: 0.834 loading class 0x00000000011a6630
Event: 0.834 loading class 0x00000000011a6630 done
Event: 0.846 loading class 0x000000000adfd830
Event: 0.846 loading class 0x000000000adfd830 done
Event: 0.851 loading class 0x000000000119f840
Event: 0.851 loading class 0x000000000119f840 done
Event: 0.854 loading class 0x000000000ad5ea60
Event: 0.854 loading class 0x000000000ad5ea60 done
Event: 0.855 loading class 0x000000000addebc0
Event: 0.855 loading class 0x000000000addebc0 done


Dynamic libraries:
0x00007ff78df80000 - 0x00007ff78dfb3000 	C:\Program Files\Java\jdk1.7.0_80\bin\java.exe
0x00007ff9ea1d0000 - 0x00007ff9ea392000 	C:\Windows\SYSTEM32\ntdll.dll
0x00007ff9e7bf0000 - 0x00007ff9e7c9d000 	C:\Windows\system32\KERNEL32.DLL
0x00007ff9e7680000 - 0x00007ff9e785d000 	C:\Windows\system32\KERNELBASE.dll
0x00000000650d0000 - 0x0000000065159000 	C:\Windows\System32\SYSFER.DLL
0x00007ff9ea0b0000 - 0x00007ff9ea156000 	C:\Windows\system32\ADVAPI32.dll
0x00007ff9e79f0000 - 0x00007ff9e7a8d000 	C:\Windows\system32\msvcrt.dll
0x00007ff9e7990000 - 0x00007ff9e79eb000 	C:\Windows\system32\sechost.dll
0x00007ff9e7860000 - 0x00007ff9e7986000 	C:\Windows\system32\RPCRT4.dll
0x00007ff9e7aa0000 - 0x00007ff9e7bee000 	C:\Windows\system32\USER32.dll
0x00007ff9e9d40000 - 0x00007ff9e9ec6000 	C:\Windows\system32\GDI32.dll
0x00007ff9e15d0000 - 0x00007ff9e1844000 	C:\Windows\WinSxS\amd64_microsoft.windows.common-controls_6595b64144ccf1df_6.0.10240.16384_none_f41f7b285750ef43\COMCTL32.dll
0x00007ff9e7cb0000 - 0x00007ff9e7ce6000 	C:\Windows\system32\IMM32.DLL
0x00007ff9e9a30000 - 0x00007ff9e9b8c000 	C:\Windows\system32\MSCTF.dll
0x000000005e7f0000 - 0x000000005e8c2000 	C:\Program Files\Java\jdk1.7.0_80\jre\bin\msvcr100.dll
0x000000005f170000 - 0x000000005f949000 	C:\Program Files\Java\jdk1.7.0_80\jre\bin\server\jvm.dll
0x00007ff9e7ca0000 - 0x00007ff9e7ca8000 	C:\Windows\system32\PSAPI.DLL
0x00007ff9dd490000 - 0x00007ff9dd499000 	C:\Windows\SYSTEM32\WSOCK32.dll
0x00007ff9ea040000 - 0x00007ff9ea0a9000 	C:\Windows\system32\WS2_32.dll
0x00007ff9e9d30000 - 0x00007ff9e9d38000 	C:\Windows\system32\NSI.dll
0x00007ff9e52c0000 - 0x00007ff9e52e3000 	C:\Windows\SYSTEM32\WINMM.dll
0x00007ff9e5260000 - 0x00007ff9e528c000 	C:\Windows\SYSTEM32\WINMMBASE.dll
0x00007ff9e7400000 - 0x00007ff9e7444000 	C:\Windows\system32\cfgmgr32.dll
0x00007ff9e5490000 - 0x00007ff9e54b7000 	C:\Windows\SYSTEM32\DEVOBJ.dll
0x0000000063ca0000 - 0x0000000063caf000 	C:\Program Files\Java\jdk1.7.0_80\jre\bin\verify.dll
0x0000000063350000 - 0x0000000063378000 	C:\Program Files\Java\jdk1.7.0_80\jre\bin\java.dll
0x0000000063490000 - 0x00000000634a6000 	C:\Program Files\Java\jdk1.7.0_80\jre\bin\zip.dll
0x0000000062cb0000 - 0x0000000062cca000 	C:\Program Files\Java\jdk1.7.0_80\jre\bin\net.dll
0x00007ff9e6430000 - 0x00007ff9e648d000 	C:\Windows\system32\mswsock.dll
0x0000000062a70000 - 0x0000000062a81000 	C:\Program Files\Java\jdk1.7.0_80\jre\bin\nio.dll

VM Arguments:
jvm_args: -Djava.awt.headless=true -Xmx1024M -Dfile.encoding=windows-1252 -Duser.country=IN -Duser.language=en -Duser.variant 
java_command: com.android.dx.command.Main --dex --force-jumbo --num-threads=4 --output D:\Personal\Dropbox\Sanjay\Personal\Projects\Android\NowHere\app\build\intermediates\pre-dexed\debug\com.android.support-support-v4-23.2.1_ad9a5e6464c911894dcd403eb51caf567a43adcc.jar D:\Personal\Dropbox\Sanjay\Personal\Projects\Android\NowHere\app\build\intermediates\exploded-aar\com.android.support\support-v4\23.2.1\jars\classes.jar
Launcher Type: SUN_STANDARD

Environment Variables:
JAVA_HOME=C:\Program Files\Java\jdk1.7.0_80
PATH=C:\ProgramData\Oracle\Java\javapath;C:\Windows\system32;C:\Windows;C:\Windows\System32\Wbem;C:\Windows\System32\WindowsPowerShell\v1.0\;C:\Program Files (x86)\Windows Kits\8.1\Windows Performance Toolkit\;C:\Program Files\Microsoft SQL Server\110\Tools\Binn\;C:\Program Files (x86)\Skype\Phone\;C:\Program Files (x86)\Microsoft SQL Server\100\Tools\Binn\;C:\Program Files\Microsoft SQL Server\100\Tools\Binn\;C:\Program Files\Microsoft SQL Server\100\DTS\Binn\;C:\Program Files\SOTI\MobiControl;C:\Program Files (x86)\Microsoft SQL Server\110\Tools\Binn\ManagementStudio\;C:\Program Files (x86)\Microsoft SQL Server\110\Tools\Binn\;C:\Program Files (x86)\Microsoft SQL Server\110\DTS\Binn\;C:\Program Files\Java\jdk1.7.0_80\bin;C:\Program Files\Microsoft\Web Platform Installer\
USERNAME=sgupta
OS=Windows_NT
PROCESSOR_IDENTIFIER=Intel64 Family 6 Model 60 Stepping 3, GenuineIntel



---------------  S Y S T E M  ---------------

OS: Windows 8.1 , 64 bit Build 9600 

CPU:total 8 (4 cores per cpu, 2 threads per core) family 6 model 60 stepping 3, cmov, cx8, fxsr, mmx, sse, sse2, sse3, ssse3, sse4.1, sse4.2, popcnt, avx, avx2, aes, erms, ht, tsc, tscinvbit

Memory: 4k page, physical 8310544k(1118236k free), swap 33476368k(19760k free)

vm_info: Java HotSpot(TM) 64-Bit Server VM (24.80-b11) for windows-amd64 JRE (1.7.0_80-b15), built on Apr 10 2015 11:26:34 by "java_re" with unknown MS VC++:1600

time: Wed May 25 09:23:21 2016
elapsed time: 0 seconds

