#
# There is insufficient memory for the Java Runtime Environment to continue.
# Native memory allocation (malloc) failed to allocate 864544 bytes for Chunk::new
# Possible reasons:
#   The system is out of physical RAM or swap space
#   In 32 bit mode, the process size limit was hit
# Possible solutions:
#   Reduce memory load on the system
#   Increase physical memory or swap space
#   Check if swap backing store is full
#   Use 64 bit Java on a 64 bit OS
#   Decrease Java heap size (-Xmx/-Xms)
#   Decrease number of Java threads
#   Decrease Java thread stack sizes (-Xss)
#   Set larger code cache with -XX:ReservedCodeCacheSize=
# This output file may be truncated or incomplete.
#
#  Out of Memory Error (allocation.cpp:323), pid=17452, tid=29972
#
# JRE version: Java(TM) SE Runtime Environment (7.0_80-b15) (build 1.7.0_80-b15)
# Java VM: Java HotSpot(TM) 64-Bit Server VM (24.80-b11 mixed mode windows-amd64 compressed oops)
# Failed to write core dump. Minidumps are not enabled by default on client versions of Windows
#

---------------  T H R E A D  ---------------

Current thread (0x000000000261f000):  JavaThread "C2 CompilerThread0" daemon [_thread_in_native, id=29972, stack(0x000000000ae60000,0x000000000af60000)]

Stack: [0x000000000ae60000,0x000000000af60000]

Current CompileTask:
C2:   3481  428   !         com.android.dx.cf.code.Ropper::processBlock (1101 bytes)


---------------  P R O C E S S  ---------------

Java Threads: ( => current thread )
  0x0000000002623800 JavaThread "Service Thread" daemon [_thread_blocked, id=7084, stack(0x000000000b060000,0x000000000b160000)]
  0x0000000002623000 JavaThread "C2 CompilerThread1" daemon [_thread_in_native, id=27592, stack(0x000000000af60000,0x000000000b060000)]
=>0x000000000261f000 JavaThread "C2 CompilerThread0" daemon [_thread_in_native, id=29972, stack(0x000000000ae60000,0x000000000af60000)]
  0x000000000261e000 JavaThread "Attach Listener" daemon [_thread_blocked, id=32476, stack(0x000000000ad60000,0x000000000ae60000)]
  0x000000000a881800 JavaThread "Signal Dispatcher" daemon [_thread_blocked, id=36904, stack(0x000000000ac60000,0x000000000ad60000)]
  0x000000000886f000 JavaThread "Finalizer" daemon [_thread_blocked, id=2364, stack(0x000000000a760000,0x000000000a860000)]
  0x0000000008868800 JavaThread "Reference Handler" daemon [_thread_blocked, id=10912, stack(0x000000000a660000,0x000000000a760000)]
  0x0000000002532800 JavaThread "main" [_thread_in_vm, id=37612, stack(0x0000000002430000,0x0000000002530000)]

Other Threads:
  0x0000000008865000 VMThread [stack: 0x000000000a560000,0x000000000a660000] [id=7132]
  0x0000000002627800 WatcherThread [stack: 0x000000000b160000,0x000000000b260000] [id=22716]

VM state:not at safepoint (normal execution)

VM Mutex/Monitor currently owned by a thread: None

Heap
 PSYoungGen      total 71680K, used 56851K [0x00000000eaa80000, 0x00000000ef580000, 0x0000000100000000)
  eden space 66560K, 77% used [0x00000000eaa80000,0x00000000edd0af88,0x00000000eeb80000)
  from space 5120K, 99% used [0x00000000ef080000,0x00000000ef579c78,0x00000000ef580000)
  to   space 5120K, 0% used [0x00000000eeb80000,0x00000000eeb80000,0x00000000ef080000)
 ParOldGen       total 86528K, used 5019K [0x00000000c0000000, 0x00000000c5480000, 0x00000000eaa80000)
  object space 86528K, 5% used [0x00000000c0000000,0x00000000c04e6dc0,0x00000000c5480000)
 PSPermGen       total 21504K, used 6026K [0x00000000bae00000, 0x00000000bc300000, 0x00000000c0000000)
  object space 21504K, 28% used [0x00000000bae00000,0x00000000bb3e2ad0,0x00000000bc300000)

Card table byte_map: [0x0000000005630000,0x0000000005860000] byte_map_base: 0x0000000005059000

Polling page: 0x0000000000890000

Code Cache  [0x0000000002630000, 0x00000000028a0000, 0x0000000005630000)
 total_blobs=686 nmethods=449 adapters=189 free_code_cache=47217Kb largest_free_block=48307008

Compilation events (10 events):
Event: 3.339 Thread 0x0000000002623000 nmethod 444 0x000000000280c050 code [0x000000000280c1a0, 0x000000000280c2b8]
Event: 3.339 Thread 0x0000000002623000  445             com.android.dx.rop.code.LocalVariableExtractor::processBlock (327 bytes)
Event: 3.387 Thread 0x0000000002623000 nmethod 445 0x000000000281ac90 code [0x000000000281af40, 0x000000000281c190]
Event: 3.388 Thread 0x0000000002623000  446             com.android.dx.rop.code.RegisterSpec::<init> (8 bytes)
Event: 3.389 Thread 0x0000000002623000 nmethod 446 0x000000000280cd50 code [0x000000000280ce80, 0x000000000280cf38]
Event: 3.389 Thread 0x0000000002623000  447             com.android.dx.rop.code.RegisterSpec::<init> (48 bytes)
Event: 3.389 Thread 0x0000000002623000 nmethod 447 0x00000000028043d0 code [0x0000000002804500, 0x00000000028045b8]
Event: 3.389 Thread 0x0000000002623000  448             com.android.dx.cf.code.Ropper::getRopMethod (64 bytes)
Event: 3.399 Thread 0x0000000002623000 nmethod 448 0x000000000280d590 code [0x000000000280d760, 0x000000000280de98]
Event: 3.399 Thread 0x0000000002623000  449   !         com.android.dx.cf.code.RopperMachine::run (1550 bytes)

GC Heap History (4 events):
Event: 1.659 GC heap before
{Heap before GC invocations=1 (full 0):
 PSYoungGen      total 38400K, used 33280K [0x00000000eaa80000, 0x00000000ed500000, 0x0000000100000000)
  eden space 33280K, 100% used [0x00000000eaa80000,0x00000000ecb00000,0x00000000ecb00000)
  from space 5120K, 0% used [0x00000000ed000000,0x00000000ed000000,0x00000000ed500000)
  to   space 5120K, 0% used [0x00000000ecb00000,0x00000000ecb00000,0x00000000ed000000)
 ParOldGen       total 86528K, used 0K [0x00000000c0000000, 0x00000000c5480000, 0x00000000eaa80000)
  object space 86528K, 0% used [0x00000000c0000000,0x00000000c0000000,0x00000000c5480000)
 PSPermGen       total 21504K, used 5766K [0x00000000bae00000, 0x00000000bc300000, 0x00000000c0000000)
  object space 21504K, 26% used [0x00000000bae00000,0x00000000bb3a1bb8,0x00000000bc300000)
Event: 1.739 GC heap after
Heap after GC invocations=1 (full 0):
 PSYoungGen      total 38400K, used 5112K [0x00000000eaa80000, 0x00000000ef580000, 0x0000000100000000)
  eden space 33280K, 0% used [0x00000000eaa80000,0x00000000eaa80000,0x00000000ecb00000)
  from space 5120K, 99% used [0x00000000ecb00000,0x00000000ecffe0c8,0x00000000ed000000)
  to   space 5120K, 0% used [0x00000000ef080000,0x00000000ef080000,0x00000000ef580000)
 ParOldGen       total 86528K, used 1138K [0x00000000c0000000, 0x00000000c5480000, 0x00000000eaa80000)
  object space 86528K, 1% used [0x00000000c0000000,0x00000000c011ca80,0x00000000c5480000)
 PSPermGen       total 21504K, used 5766K [0x00000000bae00000, 0x00000000bc300000, 0x00000000c0000000)
  object space 21504K, 26% used [0x00000000bae00000,0x00000000bb3a1bb8,0x00000000bc300000)
}
Event: 2.389 GC heap before
{Heap before GC invocations=2 (full 0):
 PSYoungGen      total 38400K, used 38392K [0x00000000eaa80000, 0x00000000ef580000, 0x0000000100000000)
  eden space 33280K, 100% used [0x00000000eaa80000,0x00000000ecb00000,0x00000000ecb00000)
  from space 5120K, 99% used [0x00000000ecb00000,0x00000000ecffe0c8,0x00000000ed000000)
  to   space 5120K, 0% used [0x00000000ef080000,0x00000000ef080000,0x00000000ef580000)
 ParOldGen       total 86528K, used 1138K [0x00000000c0000000, 0x00000000c5480000, 0x00000000eaa80000)
  object space 86528K, 1% used [0x00000000c0000000,0x00000000c011ca80,0x00000000c5480000)
 PSPermGen       total 21504K, used 5919K [0x00000000bae00000, 0x00000000bc300000, 0x00000000c0000000)
  object space 21504K, 27% used [0x00000000bae00000,0x00000000bb3c7d20,0x00000000bc300000)
Event: 2.454 GC heap after
Heap after GC invocations=2 (full 0):
 PSYoungGen      total 71680K, used 5095K [0x00000000eaa80000, 0x00000000ef580000, 0x0000000100000000)
  eden space 66560K, 0% used [0x00000000eaa80000,0x00000000eaa80000,0x00000000eeb80000)
  from space 5120K, 99% used [0x00000000ef080000,0x00000000ef579c78,0x00000000ef580000)
  to   space 5120K, 0% used [0x00000000eeb80000,0x00000000eeb80000,0x00000000ef080000)
 ParOldGen       total 86528K, used 5019K [0x00000000c0000000, 0x00000000c5480000, 0x00000000eaa80000)
  object space 86528K, 5% used [0x00000000c0000000,0x00000000c04e6dc0,0x00000000c5480000)
 PSPermGen       total 21504K, used 5919K [0x00000000bae00000, 0x00000000bc300000, 0x00000000c0000000)
  object space 21504K, 27% used [0x00000000bae00000,0x00000000bb3c7d20,0x00000000bc300000)
}

Deoptimization events (10 events):
Event: 2.530 Thread 0x0000000002532800 Uncommon trap: reason=unstable_if action=reinterpret pc=0x00000000027014cc method=com.android.dx.ssa.SCCP.simulateBranch(Lcom/android/dx/ssa/SsaInsn;)V @ 64
Event: 2.565 Thread 0x000000000aaa5800 Uncommon trap: reason=unstable_if action=reinterpret pc=0x000000000274b0c4 method=com.android.dx.cf.code.LocalVariableList$Item.matchesPcAndIndex(II)Z @ 13
Event: 2.565 Thread 0x000000000aaa5800 Uncommon trap: reason=unstable_if action=reinterpret pc=0x0000000002754ce0 method=com.android.dx.cf.code.LocalVariableList$Item.matchesPcAndIndex(II)Z @ 13
Event: 2.708 Thread 0x000000000a9d0800 Uncommon trap: reason=bimorphic action=maybe_recompile pc=0x000000000279bfc4 method=com.android.dx.cf.code.BytecodeArray.parseInstruction(ILcom/android/dx/cf/code/BytecodeArray$Visitor;)I @ 1357
Event: 2.708 Thread 0x000000000a9d0800 Uncommon trap: reason=bimorphic action=maybe_recompile pc=0x000000000279bfc4 method=com.android.dx.cf.code.BytecodeArray.parseInstruction(ILcom/android/dx/cf/code/BytecodeArray$Visitor;)I @ 1357
Event: 2.708 Thread 0x000000000a9d0800 Uncommon trap: reason=bimorphic action=maybe_recompile pc=0x000000000279bfc4 method=com.android.dx.cf.code.BytecodeArray.parseInstruction(ILcom/android/dx/cf/code/BytecodeArray$Visitor;)I @ 1357
Event: 2.709 Thread 0x000000000a9d0800 Uncommon trap: reason=bimorphic action=maybe_recompile pc=0x000000000279bfc4 method=com.android.dx.cf.code.BytecodeArray.parseInstruction(ILcom/android/dx/cf/code/BytecodeArray$Visitor;)I @ 1357
Event: 2.780 Thread 0x0000000002532800 Uncommon trap: reason=class_check action=maybe_recompile pc=0x00000000026ddf04 method=java.util.HashMap.put(Ljava/lang/Object;Ljava/lang/Object;)Ljava/lang/Object; @ 83
Event: 2.780 Thread 0x0000000002532800 Uncommon trap: reason=class_check action=maybe_recompile pc=0x00000000026ddf04 method=java.util.HashMap.put(Ljava/lang/Object;Ljava/lang/Object;)Ljava/lang/Object; @ 83
Event: 2.780 Thread 0x0000000002532800 Uncommon trap: reason=class_check action=maybe_recompile pc=0x00000000026ddf04 method=java.util.HashMap.put(Ljava/lang/Object;Ljava/lang/Object;)Ljava/lang/Object; @ 83

Internal exceptions (10 events):
Event: 1.927 Thread 0x0000000002532800 Threw 0x00000000eb39dbb8 at C:\re\jdk7u80\2329\hotspot\src\share\vm\prims\jvm.cpp:1319
Event: 2.024 Thread 0x0000000002532800 Threw 0x00000000eb3c32a8 at C:\re\jdk7u80\2329\hotspot\src\share\vm\prims\jvm.cpp:1319
Event: 2.042 Thread 0x0000000002532800 Threw 0x00000000eb785480 at C:\re\jdk7u80\2329\hotspot\src\share\vm\prims\jvm.cpp:1319
Event: 2.042 Thread 0x0000000002532800 Threw 0x00000000eb7878c8 at C:\re\jdk7u80\2329\hotspot\src\share\vm\prims\jvm.cpp:1319
Event: 2.231 Thread 0x0000000002532800 Implicit null exception at 0x0000000002729b5b to 0x000000000272a1f5
Event: 2.274 Thread 0x000000000a9d1000 Threw 0x00000000ebfa14c8 at C:\re\jdk7u80\2329\hotspot\src\share\vm\prims\jvm.cpp:1319
Event: 2.472 Thread 0x000000000a9d0800 Implicit null exception at 0x000000000276bbfc to 0x000000000276da99
Event: 2.519 Thread 0x0000000002532800 Threw 0x00000000eb553d20 at C:\re\jdk7u80\2329\hotspot\src\share\vm\prims\jvm.cpp:1319
Event: 2.531 Thread 0x0000000002532800 Threw 0x00000000eb5d5f90 at C:\re\jdk7u80\2329\hotspot\src\share\vm\prims\jvm.cpp:1319
Event: 2.786 Thread 0x0000000002532800 Threw 0x00000000ed9a37a8 at C:\re\jdk7u80\2329\hotspot\src\share\vm\prims\jvm.cpp:1319

Events (10 events):
Event: 2.780 Thread 0x0000000002532800 DEOPT PACKING pc=0x00000000026ddf04 sp=0x000000000252f210
Event: 2.780 Thread 0x0000000002532800 DEOPT UNPACKING pc=0x00000000026675a4 sp=0x000000000252f1b8 mode 2
Event: 2.780 Thread 0x0000000002532800 Uncommon trap: trap_request=0xffffffde fr.pc=0x00000000026ddf04
Event: 2.780 Thread 0x0000000002532800 DEOPT PACKING pc=0x00000000026ddf04 sp=0x000000000252f210
Event: 2.780 Thread 0x0000000002532800 DEOPT UNPACKING pc=0x00000000026675a4 sp=0x000000000252f1b8 mode 2
Event: 2.780 Thread 0x0000000002532800 Uncommon trap: trap_request=0xffffffde fr.pc=0x00000000026ddf04
Event: 2.780 Thread 0x0000000002532800 DEOPT PACKING pc=0x00000000026ddf04 sp=0x000000000252f210
Event: 2.780 Thread 0x0000000002532800 DEOPT UNPACKING pc=0x00000000026675a4 sp=0x000000000252f1b8 mode 2
Event: 2.786 loading class 0x000000000aac2fd0
Event: 2.786 loading class 0x000000000aac2fd0 done


Dynamic libraries:
0x00007ff78df80000 - 0x00007ff78dfb3000 	C:\Program Files\Java\jdk1.7.0_80\bin\java.exe
0x00007ff9ea1d0000 - 0x00007ff9ea392000 	C:\Windows\SYSTEM32\ntdll.dll
0x00007ff9e7bf0000 - 0x00007ff9e7c9d000 	C:\Windows\system32\KERNEL32.DLL
0x00007ff9e7680000 - 0x00007ff9e785d000 	C:\Windows\system32\KERNELBASE.dll
0x00000000650d0000 - 0x0000000065159000 	C:\Windows\System32\SYSFER.DLL
0x00007ff9ea0b0000 - 0x00007ff9ea156000 	C:\Windows\system32\ADVAPI32.dll
0x00007ff9e79f0000 - 0x00007ff9e7a8d000 	C:\Windows\system32\msvcrt.dll
0x00007ff9e7990000 - 0x00007ff9e79eb000 	C:\Windows\system32\sechost.dll
0x00007ff9e7860000 - 0x00007ff9e7986000 	C:\Windows\system32\RPCRT4.dll
0x00007ff9e7aa0000 - 0x00007ff9e7bee000 	C:\Windows\system32\USER32.dll
0x00007ff9e9d40000 - 0x00007ff9e9ec6000 	C:\Windows\system32\GDI32.dll
0x00007ff9e15d0000 - 0x00007ff9e1844000 	C:\Windows\WinSxS\amd64_microsoft.windows.common-controls_6595b64144ccf1df_6.0.10240.16384_none_f41f7b285750ef43\COMCTL32.dll
0x00007ff9e7cb0000 - 0x00007ff9e7ce6000 	C:\Windows\system32\IMM32.DLL
0x00007ff9e9a30000 - 0x00007ff9e9b8c000 	C:\Windows\system32\MSCTF.dll
0x000000005e7f0000 - 0x000000005e8c2000 	C:\Program Files\Java\jdk1.7.0_80\jre\bin\msvcr100.dll
0x000000005f170000 - 0x000000005f949000 	C:\Program Files\Java\jdk1.7.0_80\jre\bin\server\jvm.dll
0x00007ff9e7ca0000 - 0x00007ff9e7ca8000 	C:\Windows\system32\PSAPI.DLL
0x00007ff9dd490000 - 0x00007ff9dd499000 	C:\Windows\SYSTEM32\WSOCK32.dll
0x00007ff9ea040000 - 0x00007ff9ea0a9000 	C:\Windows\system32\WS2_32.dll
0x00007ff9e9d30000 - 0x00007ff9e9d38000 	C:\Windows\system32\NSI.dll
0x00007ff9e52c0000 - 0x00007ff9e52e3000 	C:\Windows\SYSTEM32\WINMM.dll
0x00007ff9e5260000 - 0x00007ff9e528c000 	C:\Windows\SYSTEM32\WINMMBASE.dll
0x00007ff9e7400000 - 0x00007ff9e7444000 	C:\Windows\system32\cfgmgr32.dll
0x00007ff9e5490000 - 0x00007ff9e54b7000 	C:\Windows\SYSTEM32\DEVOBJ.dll
0x0000000063ca0000 - 0x0000000063caf000 	C:\Program Files\Java\jdk1.7.0_80\jre\bin\verify.dll
0x0000000063350000 - 0x0000000063378000 	C:\Program Files\Java\jdk1.7.0_80\jre\bin\java.dll
0x0000000063490000 - 0x00000000634a6000 	C:\Program Files\Java\jdk1.7.0_80\jre\bin\zip.dll
0x0000000062cb0000 - 0x0000000062cca000 	C:\Program Files\Java\jdk1.7.0_80\jre\bin\net.dll
0x00007ff9e6430000 - 0x00007ff9e648d000 	C:\Windows\system32\mswsock.dll
0x0000000062a70000 - 0x0000000062a81000 	C:\Program Files\Java\jdk1.7.0_80\jre\bin\nio.dll

VM Arguments:
jvm_args: -Djava.awt.headless=true -Xmx1024M -Dfile.encoding=windows-1252 -Duser.country=IN -Duser.language=en -Duser.variant 
java_command: com.android.dx.command.Main --dex --force-jumbo --num-threads=4 --output D:\Personal\Dropbox\Sanjay\Personal\Projects\Android\NowHere\app\build\intermediates\pre-dexed\debug\internal_impl-23.2.1_d8faa12c73c2d74c1a9745bd702828e7cfc4d2ab.jar D:\Personal\Dropbox\Sanjay\Personal\Projects\Android\NowHere\app\build\intermediates\exploded-aar\com.android.support\support-v4\23.2.1\jars\libs\internal_impl-23.2.1.jar
Launcher Type: SUN_STANDARD

Environment Variables:
JAVA_HOME=C:\Program Files\Java\jdk1.7.0_80
PATH=C:\ProgramData\Oracle\Java\javapath;C:\Windows\system32;C:\Windows;C:\Windows\System32\Wbem;C:\Windows\System32\WindowsPowerShell\v1.0\;C:\Program Files (x86)\Windows Kits\8.1\Windows Performance Toolkit\;C:\Program Files\Microsoft SQL Server\110\Tools\Binn\;C:\Program Files (x86)\Skype\Phone\;C:\Program Files (x86)\Microsoft SQL Server\100\Tools\Binn\;C:\Program Files\Microsoft SQL Server\100\Tools\Binn\;C:\Program Files\Microsoft SQL Server\100\DTS\Binn\;C:\Program Files\SOTI\MobiControl;C:\Program Files (x86)\Microsoft SQL Server\110\Tools\Binn\ManagementStudio\;C:\Program Files (x86)\Microsoft SQL Server\110\Tools\Binn\;C:\Program Files (x86)\Microsoft SQL Server\110\DTS\Binn\;C:\Program Files\Java\jdk1.7.0_80\bin;C:\Program Files\Microsoft\Web Platform Installer\
USERNAME=sgupta
OS=Windows_NT
PROCESSOR_IDENTIFIER=Intel64 Family 6 Model 60 Stepping 3, GenuineIntel



---------------  S Y S T E M  ---------------

OS: Windows 8.1 , 64 bit Build 9600 

CPU:total 8 (4 cores per cpu, 2 threads per core) family 6 model 60 stepping 3, cmov, cx8, fxsr, mmx, sse, sse2, sse3, ssse3, sse4.1, sse4.2, popcnt, avx, avx2, aes, erms, ht, tsc, tscinvbit

Memory: 4k page, physical 8310544k(1113096k free), swap 33476368k(6824k free)

vm_info: Java HotSpot(TM) 64-Bit Server VM (24.80-b11) for windows-amd64 JRE (1.7.0_80-b15), built on Apr 10 2015 11:26:34 by "java_re" with unknown MS VC++:1600

time: Wed May 25 09:23:21 2016
elapsed time: 3 seconds

