#
# There is insufficient memory for the Java Runtime Environment to continue.
# Native memory allocation (malloc) failed to allocate 2201936 bytes for Chunk::new
# Possible reasons:
#   The system is out of physical RAM or swap space
#   In 32 bit mode, the process size limit was hit
# Possible solutions:
#   Reduce memory load on the system
#   Increase physical memory or swap space
#   Check if swap backing store is full
#   Use 64 bit Java on a 64 bit OS
#   Decrease Java heap size (-Xmx/-Xms)
#   Decrease number of Java threads
#   Decrease Java thread stack sizes (-Xss)
#   Set larger code cache with -XX:ReservedCodeCacheSize=
# This output file may be truncated or incomplete.
#
#  Out of Memory Error (allocation.cpp:323), pid=13632, tid=12512
#
# JRE version: Java(TM) SE Runtime Environment (7.0_80-b15) (build 1.7.0_80-b15)
# Java VM: Java HotSpot(TM) 64-Bit Server VM (24.80-b11 mixed mode windows-amd64 compressed oops)
# Failed to write core dump. Minidumps are not enabled by default on client versions of Windows
#

---------------  T H R E A D  ---------------

Current thread (0x0000000002289000):  JavaThread "C2 CompilerThread1" daemon [_thread_in_native, id=12512, stack(0x000000000abc0000,0x000000000acc0000)]

Stack: [0x000000000abc0000,0x000000000acc0000]

Current CompileTask:
C2:   2110  228             com.android.dx.ssa.SCCP::run (298 bytes)


---------------  P R O C E S S  ---------------

Java Threads: ( => current thread )
  0x000000000a68c800 JavaThread "pool-1-thread-4" [_thread_blocked, id=17380, stack(0x000000000b2c0000,0x000000000b3c0000)]
  0x000000000a689800 JavaThread "pool-1-thread-3" [_thread_blocked, id=33588, stack(0x000000000b1c0000,0x000000000b2c0000)]
  0x000000000a689000 JavaThread "pool-1-thread-2" [_thread_blocked, id=37304, stack(0x000000000b0c0000,0x000000000b1c0000)]
  0x000000000a688000 JavaThread "pool-2-thread-1" [_thread_blocked, id=27012, stack(0x000000000afc0000,0x000000000b0c0000)]
  0x000000000a629800 JavaThread "pool-1-thread-1" [_thread_blocked, id=25952, stack(0x000000000aec0000,0x000000000afc0000)]
  0x000000000228b800 JavaThread "Service Thread" daemon [_thread_blocked, id=26168, stack(0x000000000acc0000,0x000000000adc0000)]
=>0x0000000002289000 JavaThread "C2 CompilerThread1" daemon [_thread_in_native, id=12512, stack(0x000000000abc0000,0x000000000acc0000)]
  0x000000000227e000 JavaThread "C2 CompilerThread0" daemon [_thread_in_vm, id=34108, stack(0x000000000aac0000,0x000000000abc0000)]
  0x000000000227d000 JavaThread "Attach Listener" daemon [_thread_blocked, id=9336, stack(0x000000000a9c0000,0x000000000aac0000)]
  0x000000000a4e1800 JavaThread "Signal Dispatcher" daemon [_thread_blocked, id=2576, stack(0x000000000a8c0000,0x000000000a9c0000)]
  0x00000000084c9800 JavaThread "Finalizer" daemon [_thread_blocked, id=17948, stack(0x000000000a3c0000,0x000000000a4c0000)]
  0x00000000084c8800 JavaThread "Reference Handler" daemon [_thread_blocked, id=27724, stack(0x000000000a2c0000,0x000000000a3c0000)]
  0x0000000002192800 JavaThread "main" [_thread_in_Java, id=6552, stack(0x0000000002090000,0x0000000002190000)]

Other Threads:
  0x00000000084c5000 VMThread [stack: 0x000000000a1c0000,0x000000000a2c0000] [id=7832]
  0x000000000a4eb000 WatcherThread [stack: 0x000000000adc0000,0x000000000aec0000] [id=6756]

VM state:not at safepoint (normal execution)

VM Mutex/Monitor currently owned by a thread: None

Heap
 PSYoungGen      total 38400K, used 24446K [0x00000000eaa80000, 0x00000000ef580000, 0x0000000100000000)
  eden space 33280K, 58% used [0x00000000eaa80000,0x00000000ebd60460,0x00000000ecb00000)
  from space 5120K, 99% used [0x00000000ecb00000,0x00000000ecfff6c0,0x00000000ed000000)
  to   space 5120K, 0% used [0x00000000ef080000,0x00000000ef080000,0x00000000ef580000)
 ParOldGen       total 86528K, used 1324K [0x00000000c0000000, 0x00000000c5480000, 0x00000000eaa80000)
  object space 86528K, 1% used [0x00000000c0000000,0x00000000c014b178,0x00000000c5480000)
 PSPermGen       total 21504K, used 5895K [0x00000000bae00000, 0x00000000bc300000, 0x00000000c0000000)
  object space 21504K, 27% used [0x00000000bae00000,0x00000000bb3c1cd8,0x00000000bc300000)

Card table byte_map: [0x0000000005290000,0x00000000054c0000] byte_map_base: 0x0000000004cb9000

Polling page: 0x0000000000490000

Code Cache  [0x0000000002290000, 0x0000000002500000, 0x0000000005290000)
 total_blobs=488 nmethods=251 adapters=189 free_code_cache=48190Kb largest_free_block=49291776

Compilation events (10 events):
Event: 1.877 Thread 0x000000000227e000 nmethod 245 0x0000000002367890 code [0x00000000023679c0, 0x0000000002367a18]
Event: 1.877 Thread 0x000000000227e000  246             java.util.ArrayList::ensureCapacity (28 bytes)
Event: 1.878 Thread 0x000000000227e000 nmethod 246 0x00000000023674d0 code [0x0000000002367620, 0x0000000002367738]
Event: 1.878 Thread 0x000000000227e000  247             com.android.dx.rop.cst.CstBaseMethodRef::compareTo0 (29 bytes)
Event: 1.885 Thread 0x000000000227e000 nmethod 247 0x0000000002369510 code [0x00000000023696a0, 0x0000000002369f98]
Event: 1.885 Thread 0x000000000227e000  248             com.android.dx.rop.code.BasicBlockList::forEachInsn (39 bytes)
Event: 1.888 Thread 0x000000000227e000 nmethod 248 0x0000000002372d10 code [0x0000000002372e60, 0x00000000023730f8]
Event: 1.888 Thread 0x000000000227e000  249             com.android.dx.ssa.SsaBasicBlock::newFromRop (183 bytes)
Event: 1.928 Thread 0x000000000227e000 nmethod 249 0x000000000237be10 code [0x000000000237c0a0, 0x000000000237d6a0]
Event: 1.928 Thread 0x000000000227e000  250             com.android.dx.ssa.SCCP::simulateBlock (54 bytes)

GC Heap History (2 events):
Event: 1.554 GC heap before
{Heap before GC invocations=1 (full 0):
 PSYoungGen      total 38400K, used 33280K [0x00000000eaa80000, 0x00000000ed500000, 0x0000000100000000)
  eden space 33280K, 100% used [0x00000000eaa80000,0x00000000ecb00000,0x00000000ecb00000)
  from space 5120K, 0% used [0x00000000ed000000,0x00000000ed000000,0x00000000ed500000)
  to   space 5120K, 0% used [0x00000000ecb00000,0x00000000ecb00000,0x00000000ed000000)
 ParOldGen       total 86528K, used 0K [0x00000000c0000000, 0x00000000c5480000, 0x00000000eaa80000)
  object space 86528K, 0% used [0x00000000c0000000,0x00000000c0000000,0x00000000c5480000)
 PSPermGen       total 21504K, used 5830K [0x00000000bae00000, 0x00000000bc300000, 0x00000000c0000000)
  object space 21504K, 27% used [0x00000000bae00000,0x00000000bb3b1810,0x00000000bc300000)
Event: 1.585 GC heap after
Heap after GC invocations=1 (full 0):
 PSYoungGen      total 38400K, used 5117K [0x00000000eaa80000, 0x00000000ef580000, 0x0000000100000000)
  eden space 33280K, 0% used [0x00000000eaa80000,0x00000000eaa80000,0x00000000ecb00000)
  from space 5120K, 99% used [0x00000000ecb00000,0x00000000ecfff6c0,0x00000000ed000000)
  to   space 5120K, 0% used [0x00000000ef080000,0x00000000ef080000,0x00000000ef580000)
 ParOldGen       total 86528K, used 1324K [0x00000000c0000000, 0x00000000c5480000, 0x00000000eaa80000)
  object space 86528K, 1% used [0x00000000c0000000,0x00000000c014b178,0x00000000c5480000)
 PSPermGen       total 21504K, used 5830K [0x00000000bae00000, 0x00000000bc300000, 0x00000000c0000000)
  object space 21504K, 27% used [0x00000000bae00000,0x00000000bb3b1810,0x00000000bc300000)
}

Deoptimization events (7 events):
Event: 0.615 Thread 0x0000000002192800 Uncommon trap: reason=unstable_if action=reinterpret pc=0x00000000022f30c4 method=java.lang.String.compareTo(Ljava/lang/String;)I @ 38
Event: 1.201 Thread 0x000000000a689800 Uncommon trap: reason=null_check action=make_not_entrant pc=0x0000000002313adc method=com.android.dx.rop.code.LocalItem.equals(Ljava/lang/Object;)Z @ 1
Event: 1.452 Thread 0x000000000a689800 Uncommon trap: reason=unstable_if action=reinterpret pc=0x000000000230e908 method=com.android.dx.rop.code.RegisterSpec.equals(ILcom/android/dx/rop/type/TypeBearer;Lcom/android/dx/rop/code/LocalItem;)Z @ 42
Event: 1.671 Thread 0x000000000a629800 Uncommon trap: reason=null_check action=make_not_entrant pc=0x00000000023546d0 method=com.android.dx.ssa.SsaRenamer.getLocalForNewReg(I)Lcom/android/dx/rop/code/LocalItem; @ 19
Event: 1.738 Thread 0x0000000002192800 Uncommon trap: reason=unstable_if action=reinterpret pc=0x000000000230cb84 method=com.android.dx.rop.cst.Constant.compareTo(Lcom/android/dx/rop/cst/Constant;)I @ 12
Event: 1.803 Thread 0x0000000002192800 Uncommon trap: reason=unstable_if action=reinterpret pc=0x000000000234f618 method=com.android.dx.rop.code.RegisterSpecSet.localItemToSpec(Lcom/android/dx/rop/code/LocalItem;)Lcom/android/dx/rop/code/RegisterSpec; @ 35
Event: 2.020 Thread 0x0000000002192800 Uncommon trap: reason=unstable_if action=reinterpret pc=0x0000000002376058 method=com.android.dx.rop.code.LocalVariableExtractor.processBlock(I)V @ 195

Internal exceptions (10 events):
Event: 1.043 Thread 0x000000000a689800 Threw 0x00000000eb703498 at C:\re\jdk7u80\2329\hotspot\src\share\vm\prims\jvm.cpp:1319
Event: 1.045 Thread 0x000000000a689800 Threw 0x00000000eb708a78 at C:\re\jdk7u80\2329\hotspot\src\share\vm\prims\jvm.cpp:1319
Event: 1.046 Thread 0x0000000002192800 Threw 0x00000000eb3eaf30 at C:\re\jdk7u80\2329\hotspot\src\share\vm\prims\jvm.cpp:1319
Event: 1.072 Thread 0x000000000a68c800 Threw 0x00000000eb6218c8 at C:\re\jdk7u80\2329\hotspot\src\share\vm\prims\jvm.cpp:1319
Event: 1.073 Thread 0x000000000a689800 Threw 0x00000000eb746168 at C:\re\jdk7u80\2329\hotspot\src\share\vm\prims\jvm.cpp:1319
Event: 1.174 Thread 0x000000000a68c800 Threw 0x00000000ebbaa5a0 at C:\re\jdk7u80\2329\hotspot\src\share\vm\prims\jvm.cpp:1319
Event: 1.201 Thread 0x000000000a689800 Implicit null exception at 0x0000000002313892 to 0x0000000002313ab5
Event: 1.338 Thread 0x0000000002192800 Threw 0x00000000ec07d930 at C:\re\jdk7u80\2329\hotspot\src\share\vm\prims\jvm.cpp:1319
Event: 1.340 Thread 0x0000000002192800 Threw 0x00000000ec08e990 at C:\re\jdk7u80\2329\hotspot\src\share\vm\prims\jvm.cpp:1319
Event: 1.671 Thread 0x000000000a629800 Implicit null exception at 0x0000000002353318 to 0x00000000023546a1

Events (10 events):
Event: 1.671 Thread 0x000000000a629800 DEOPT UNPACKING pc=0x00000000022c75a4 sp=0x000000000afbeb98 mode 2
Event: 1.738 Thread 0x0000000002192800 Uncommon trap: trap_request=0xffffff75 fr.pc=0x000000000230cb84
Event: 1.738 Thread 0x0000000002192800 DEOPT PACKING pc=0x000000000230cb84 sp=0x000000000218e3c0
Event: 1.738 Thread 0x0000000002192800 DEOPT UNPACKING pc=0x00000000022c75a4 sp=0x000000000218e360 mode 2
Event: 1.803 Thread 0x0000000002192800 Uncommon trap: trap_request=0xffffff75 fr.pc=0x000000000234f618
Event: 1.803 Thread 0x0000000002192800 DEOPT PACKING pc=0x000000000234f618 sp=0x000000000218e7a0
Event: 1.803 Thread 0x0000000002192800 DEOPT UNPACKING pc=0x00000000022c75a4 sp=0x000000000218e6a8 mode 2
Event: 2.020 Thread 0x0000000002192800 Uncommon trap: trap_request=0xffffff75 fr.pc=0x0000000002376058
Event: 2.020 Thread 0x0000000002192800 DEOPT PACKING pc=0x0000000002376058 sp=0x000000000218e920
Event: 2.020 Thread 0x0000000002192800 DEOPT UNPACKING pc=0x00000000022c75a4 sp=0x000000000218e8b0 mode 2


Dynamic libraries:
0x00007ff78df80000 - 0x00007ff78dfb3000 	C:\Program Files\Java\jdk1.7.0_80\bin\java.exe
0x00007ff9ea1d0000 - 0x00007ff9ea392000 	C:\Windows\SYSTEM32\ntdll.dll
0x00007ff9e7bf0000 - 0x00007ff9e7c9d000 	C:\Windows\system32\KERNEL32.DLL
0x00007ff9e7680000 - 0x00007ff9e785d000 	C:\Windows\system32\KERNELBASE.dll
0x00000000650d0000 - 0x0000000065159000 	C:\Windows\System32\SYSFER.DLL
0x00007ff9ea0b0000 - 0x00007ff9ea156000 	C:\Windows\system32\ADVAPI32.dll
0x00007ff9e79f0000 - 0x00007ff9e7a8d000 	C:\Windows\system32\msvcrt.dll
0x00007ff9e7990000 - 0x00007ff9e79eb000 	C:\Windows\system32\sechost.dll
0x00007ff9e7860000 - 0x00007ff9e7986000 	C:\Windows\system32\RPCRT4.dll
0x00007ff9e7aa0000 - 0x00007ff9e7bee000 	C:\Windows\system32\USER32.dll
0x00007ff9e9d40000 - 0x00007ff9e9ec6000 	C:\Windows\system32\GDI32.dll
0x00007ff9e15d0000 - 0x00007ff9e1844000 	C:\Windows\WinSxS\amd64_microsoft.windows.common-controls_6595b64144ccf1df_6.0.10240.16384_none_f41f7b285750ef43\COMCTL32.dll
0x00007ff9e7cb0000 - 0x00007ff9e7ce6000 	C:\Windows\system32\IMM32.DLL
0x00007ff9e9a30000 - 0x00007ff9e9b8c000 	C:\Windows\system32\MSCTF.dll
0x000000005e7f0000 - 0x000000005e8c2000 	C:\Program Files\Java\jdk1.7.0_80\jre\bin\msvcr100.dll
0x000000005f170000 - 0x000000005f949000 	C:\Program Files\Java\jdk1.7.0_80\jre\bin\server\jvm.dll
0x00007ff9e7ca0000 - 0x00007ff9e7ca8000 	C:\Windows\system32\PSAPI.DLL
0x00007ff9dd490000 - 0x00007ff9dd499000 	C:\Windows\SYSTEM32\WSOCK32.dll
0x00007ff9ea040000 - 0x00007ff9ea0a9000 	C:\Windows\system32\WS2_32.dll
0x00007ff9e9d30000 - 0x00007ff9e9d38000 	C:\Windows\system32\NSI.dll
0x00007ff9e52c0000 - 0x00007ff9e52e3000 	C:\Windows\SYSTEM32\WINMM.dll
0x00007ff9e5260000 - 0x00007ff9e528c000 	C:\Windows\SYSTEM32\WINMMBASE.dll
0x00007ff9e7400000 - 0x00007ff9e7444000 	C:\Windows\system32\cfgmgr32.dll
0x00007ff9e5490000 - 0x00007ff9e54b7000 	C:\Windows\SYSTEM32\DEVOBJ.dll
0x0000000063ca0000 - 0x0000000063caf000 	C:\Program Files\Java\jdk1.7.0_80\jre\bin\verify.dll
0x0000000063350000 - 0x0000000063378000 	C:\Program Files\Java\jdk1.7.0_80\jre\bin\java.dll
0x0000000063490000 - 0x00000000634a6000 	C:\Program Files\Java\jdk1.7.0_80\jre\bin\zip.dll
0x0000000062cb0000 - 0x0000000062cca000 	C:\Program Files\Java\jdk1.7.0_80\jre\bin\net.dll
0x00007ff9e6430000 - 0x00007ff9e648d000 	C:\Windows\system32\mswsock.dll
0x0000000062a70000 - 0x0000000062a81000 	C:\Program Files\Java\jdk1.7.0_80\jre\bin\nio.dll

VM Arguments:
jvm_args: -Djava.awt.headless=true -Xmx1024M -Dfile.encoding=windows-1252 -Duser.country=IN -Duser.language=en -Duser.variant 
java_command: com.android.dx.command.Main --dex --force-jumbo --num-threads=4 --output D:\Personal\Dropbox\Sanjay\Personal\Projects\Android\NowHere\app\build\intermediates\pre-dexed\debug\com.android.support-appcompat-v7-23.2.1_6a67f5b64612b8dd51e084725966ccd93d64b7cf.jar D:\Personal\Dropbox\Sanjay\Personal\Projects\Android\NowHere\app\build\intermediates\exploded-aar\com.android.support\appcompat-v7\23.2.1\jars\classes.jar
Launcher Type: SUN_STANDARD

Environment Variables:
JAVA_HOME=C:\Program Files\Java\jdk1.7.0_80
PATH=C:\ProgramData\Oracle\Java\javapath;C:\Windows\system32;C:\Windows;C:\Windows\System32\Wbem;C:\Windows\System32\WindowsPowerShell\v1.0\;C:\Program Files (x86)\Windows Kits\8.1\Windows Performance Toolkit\;C:\Program Files\Microsoft SQL Server\110\Tools\Binn\;C:\Program Files (x86)\Skype\Phone\;C:\Program Files (x86)\Microsoft SQL Server\100\Tools\Binn\;C:\Program Files\Microsoft SQL Server\100\Tools\Binn\;C:\Program Files\Microsoft SQL Server\100\DTS\Binn\;C:\Program Files\SOTI\MobiControl;C:\Program Files (x86)\Microsoft SQL Server\110\Tools\Binn\ManagementStudio\;C:\Program Files (x86)\Microsoft SQL Server\110\Tools\Binn\;C:\Program Files (x86)\Microsoft SQL Server\110\DTS\Binn\;C:\Program Files\Java\jdk1.7.0_80\bin;C:\Program Files\Microsoft\Web Platform Installer\
USERNAME=sgupta
OS=Windows_NT
PROCESSOR_IDENTIFIER=Intel64 Family 6 Model 60 Stepping 3, GenuineIntel



---------------  S Y S T E M  ---------------

OS: Windows 8.1 , 64 bit Build 9600 

CPU:total 8 (4 cores per cpu, 2 threads per core) family 6 model 60 stepping 3, cmov, cx8, fxsr, mmx, sse, sse2, sse3, ssse3, sse4.1, sse4.2, popcnt, avx, avx2, aes, erms, ht, tsc, tscinvbit

Memory: 4k page, physical 8310544k(1077956k free), swap 33476368k(15852k free)

vm_info: Java HotSpot(TM) 64-Bit Server VM (24.80-b11) for windows-amd64 JRE (1.7.0_80-b15), built on Apr 10 2015 11:26:34 by "java_re" with unknown MS VC++:1600

time: Wed May 25 09:23:36 2016
elapsed time: 2 seconds

